
1
1
     5(1)
          3(0)

1
          11(0)
     5(0)
          3(0)

0
          11(0)
     5(0)
          3(0)

1
               15(0)
          11(-1)
     5(-1)
          3(0)

1
               15(0)
          11(-1)
     5(0)
          3(1)
               2(0)

1
               15(0)
          11(0)
               8(0)
     5(0)
          3(1)
               2(0)

1
                    22(0)
               15(-1)
          11(-1)
               8(0)
     5(-1)
          3(1)
               2(0)

1
               22(1)
                    20(0)
          11(-1)
               8(0)
     5(-1)
          3(1)
               2(0)

1
               22(1)
                    20(0)
          11(0)
                    9(0)
               8(-1)
     5(-1)
          3(1)
               2(0)
