
1
1
    Height 1 dataL 3 dataR 5

1
    Height 1 dataL 5 dataR 1000
        Height 2 dataL 3 dataR 1000
        Height 2 dataL 11 dataR 1000

0
    Height 1 dataL 5 dataR 1000
        Height 2 dataL 3 dataR 1000
        Height 2 dataL 11 dataR 1000

1
    Height 1 dataL 5 dataR 1000
        Height 2 dataL 3 dataR 1000
        Height 2 dataL 11 dataR 15

1
    Height 1 dataL 5 dataR 1000
        Height 2 dataL 2 dataR 3
        Height 2 dataL 11 dataR 15

1
    Height 1 dataL 5 dataR 11
        Height 2 dataL 2 dataR 3
        Height 2 dataL 8 dataR 1000
        Height 2 dataL 15 dataR 1000

1
    Height 1 dataL 5 dataR 11
        Height 2 dataL 2 dataR 3
        Height 2 dataL 8 dataR 1000
        Height 2 dataL 15 dataR 22

1
    Height 1 dataL 11 dataR 1000
        Height 2 dataL 5 dataR 1000
            Height 3 dataL 2 dataR 3
            Height 3 dataL 8 dataR 1000
        Height 2 dataL 20 dataR 1000
            Height 3 dataL 15 dataR 1000
            Height 3 dataL 22 dataR 1000

1
    Height 1 dataL 11 dataR 1000
        Height 2 dataL 5 dataR 1000
            Height 3 dataL 2 dataR 3
            Height 3 dataL 8 dataR 9
        Height 2 dataL 20 dataR 1000
            Height 3 dataL 15 dataR 1000
            Height 3 dataL 22 dataR 1000
